<?xml version="1.0" encoding="UTF-8"?>
<testsuite name="AverageTests" tests="1" skipped="0" failures="0" errors="0" timestamp="2023-09-21T19:17:07" hostname="PC_SAMU" time="0.001">
  <properties/>
  <testcase name="testSolution" classname="AverageTests" time="0.001"/>
  <system-out><![CDATA[]]></system-out>
  <system-err><![CDATA[]]></system-err>
</testsuite>
